Release 14.7 - xst P.20131013 (lin64)
Copyright (c) 1995-2013 Xilinx, Inc.  All rights reserved.
--> 
Parameter TMPDIR set to xst/projnav.tmp


Total REAL time to Xst completion: 1.00 secs
Total CPU time to Xst completion: 0.04 secs
 
--> 
Parameter xsthdpdir set to xst


Total REAL time to Xst completion: 1.00 secs
Total CPU time to Xst completion: 0.04 secs
 
--> 
Reading design: timer.prj

TABLE OF CONTENTS
  1) Synthesis Options Summary
  2) HDL Parsing
  3) HDL Elaboration
  4) HDL Synthesis
       4.1) HDL Synthesis Report
  5) Advanced HDL Synthesis
       5.1) Advanced HDL Synthesis Report
  6) Low Level Synthesis
  7) Partition Report
  8) Design Summary
       8.1) Primitive and Black Box Usage
       8.2) Device utilization summary
       8.3) Partition Resource Summary
       8.4) Timing Report
            8.4.1) Clock Information
            8.4.2) Asynchronous Control Signals Information
            8.4.3) Timing Summary
            8.4.4) Timing Details
            8.4.5) Cross Clock Domains Report


=========================================================================
*                      Synthesis Options Summary                        *
=========================================================================
---- Source Parameters
Input File Name                    : "timer.prj"
Ignore Synthesis Constraint File   : NO

---- Target Parameters
Output File Name                   : "timer"
Output Format                      : NGC
Target Device                      : xc6slx45-3-csg324

---- Source Options
Top Module Name                    : timer
Automatic FSM Extraction           : YES
FSM Encoding Algorithm             : Auto
Safe Implementation                : No
FSM Style                          : LUT
RAM Extraction                     : Yes
RAM Style                          : Auto
ROM Extraction                     : Yes
Shift Register Extraction          : YES
ROM Style                          : Auto
Resource Sharing                   : YES
Asynchronous To Synchronous        : NO
Shift Register Minimum Size        : 2
Use DSP Block                      : Auto
Automatic Register Balancing       : No

---- Target Options
LUT Combining                      : Auto
Reduce Control Sets                : Auto
Add IO Buffers                     : YES
Global Maximum Fanout              : 100000
Add Generic Clock Buffer(BUFG)     : 16
Register Duplication               : YES
Optimize Instantiated Primitives   : NO
Use Clock Enable                   : Auto
Use Synchronous Set                : Auto
Use Synchronous Reset              : Auto
Pack IO Registers into IOBs        : Auto
Equivalent register Removal        : YES

---- General Options
Optimization Goal                  : Speed
Optimization Effort                : 1
Power Reduction                    : NO
Keep Hierarchy                     : No
Netlist Hierarchy                  : As_Optimized
RTL Output                         : Yes
Global Optimization                : AllClockNets
Read Cores                         : YES
Write Timing Constraints           : NO
Cross Clock Analysis               : NO
Hierarchy Separator                : /
Bus Delimiter                      : <>
Case Specifier                     : Maintain
Slice Utilization Ratio            : 100
BRAM Utilization Ratio             : 100
DSP48 Utilization Ratio            : 100
Auto BRAM Packing                  : NO
Slice Utilization Ratio Delta      : 5

=========================================================================


=========================================================================
*                          HDL Parsing                                  *
=========================================================================
Parsing VHDL file "/home/kanak/CS254/ATM/timer.vhd" into library work
Parsing entity <timer>.
Parsing architecture <Behavioral> of entity <timer>.

=========================================================================
*                            HDL Elaboration                            *
=========================================================================

Elaborating entity <timer> (architecture <Behavioral>) with generics from library <work>.

=========================================================================
*                           HDL Synthesis                               *
=========================================================================

Synthesizing Unit <timer>.
    Related source file is "/home/kanak/CS254/ATM/timer.vhd".
        N = "11110010111101000000"
    Found 1-bit register for signal <blink>.
    Found 1-bit register for signal <i>.
    Found 21-bit register for signal <temp>.
    Found 21-bit adder for signal <temp[20]_GND_5_o_add_3_OUT> created at line 52.
    Found 21-bit comparator greater for signal <temp[20]_GND_5_o_LessThan_1_o> created at line 47
    Found 21-bit comparator greater for signal <temp[20]_PWR_5_o_LessThan_3_o> created at line 50
    Summary:
	inferred   1 Adder/Subtractor(s).
	inferred  23 D-type flip-flop(s).
	inferred   2 Comparator(s).
Unit <timer> synthesized.

=========================================================================
HDL Synthesis Report

Macro Statistics
# Adders/Subtractors                                   : 1
 21-bit adder                                          : 1
# Registers                                            : 3
 1-bit register                                        : 2
 21-bit register                                       : 1
# Comparators                                          : 2
 21-bit comparator greater                             : 2

=========================================================================

=========================================================================
*                       Advanced HDL Synthesis                          *
=========================================================================


Synthesizing (advanced) Unit <timer>.
The following registers are absorbed into counter <temp>: 1 register on signal <temp>.
Unit <timer> synthesized (advanced).

=========================================================================
Advanced HDL Synthesis Report

Macro Statistics
# Counters                                             : 1
 21-bit up counter                                     : 1
# Registers                                            : 2
 Flip-Flops                                            : 2
# Comparators                                          : 2
 21-bit comparator greater                             : 2

=========================================================================

=========================================================================
*                         Low Level Synthesis                           *
=========================================================================

Optimizing unit <timer> ...

Mapping all equations...
Building and optimizing final netlist ...
Found area constraint ratio of 100 (+ 5) on block timer, actual ratio is 0.

Final Macro Processing ...

=========================================================================
Final Register Report

Macro Statistics
# Registers                                            : 23
 Flip-Flops                                            : 23

=========================================================================

=========================================================================
*                           Partition Report                            *
=========================================================================

Partition Implementation Status
-------------------------------

  No Partitions were found in this design.

-------------------------------

=========================================================================
*                            Design Summary                             *
=========================================================================

Top Level Output File Name         : timer.ngc

Primitive and Black Box Usage:
------------------------------
# BELS                             : 106
#      GND                         : 1
#      INV                         : 1
#      LUT1                        : 20
#      LUT2                        : 22
#      LUT3                        : 1
#      LUT4                        : 3
#      LUT5                        : 3
#      LUT6                        : 11
#      MUXCY                       : 20
#      MUXF7                       : 2
#      VCC                         : 1
#      XORCY                       : 21
# FlipFlops/Latches                : 23
#      FD                          : 23
# Clock Buffers                    : 1
#      BUFGP                       : 1
# IO Buffers                       : 2
#      OBUF                        : 2

Device utilization summary:
---------------------------

Selected Device : 6slx45csg324-3 


Slice Logic Utilization: 
 Number of Slice Registers:              23  out of  54576     0%  
 Number of Slice LUTs:                   61  out of  27288     0%  
    Number used as Logic:                61  out of  27288     0%  

Slice Logic Distribution: 
 Number of LUT Flip Flop pairs used:     61
   Number with an unused Flip Flop:      38  out of     61    62%  
   Number with an unused LUT:             0  out of     61     0%  
   Number of fully used LUT-FF pairs:    23  out of     61    37%  
   Number of unique control sets:         1

IO Utilization: 
 Number of IOs:                           3
 Number of bonded IOBs:                   3  out of    218     1%  

Specific Feature Utilization:
 Number of BUFG/BUFGCTRLs:                1  out of     16     6%  

---------------------------
Partition Resource Summary:
---------------------------

  No Partitions were found in this design.

---------------------------


=========================================================================
Timing Report

NOTE: THESE TIMING NUMBERS ARE ONLY A SYNTHESIS ESTIMATE.
      FOR ACCURATE TIMING INFORMATION PLEASE REFER TO THE TRACE REPORT
      GENERATED AFTER PLACE-and-ROUTE.

Clock Information:
------------------
-----------------------------------+------------------------+-------+
Clock Signal                       | Clock buffer(FF name)  | Load  |
-----------------------------------+------------------------+-------+
clk                                | BUFGP                  | 23    |
-----------------------------------+------------------------+-------+

Asynchronous Control Signals Information:
----------------------------------------
No asynchronous control signals found in this design

Timing Summary:
---------------
Speed Grade: -3

   Minimum period: 3.882ns (Maximum Frequency: 257.629MHz)
   Minimum input arrival time before clock: No path found
   Maximum output required time after clock: 3.634ns
   Maximum combinational path delay: No path found

Timing Details:
---------------
All values displayed in nanoseconds (ns)

=========================================================================
Timing constraint: Default period analysis for Clock 'clk'
  Clock period: 3.882ns (frequency: 257.629MHz)
  Total number of paths / destination ports: 681 / 23
-------------------------------------------------------------------------
Delay:               3.882ns (Levels of Logic = 4)
  Source:            temp_8 (FF)
  Destination:       temp_0 (FF)
  Source Clock:      clk rising
  Destination Clock: clk rising

  Data Path: temp_8 to temp_0
                                Gate     Net
    Cell:in->out      fanout   Delay   Delay  Logical Name (Net Name)
    ----------------------------------------  ------------
     FD:C->Q               5   0.447   1.079  temp_8 (temp_8)
     LUT6:I0->O            1   0.203   0.000  temp[20]_PWR_5_o_LessThan_3_o21_SW3_G (N20)
     MUXF7:I1->O           2   0.140   0.617  temp[20]_PWR_5_o_LessThan_3_o21_SW3 (N12)
     LUT6:I5->O           11   0.205   0.883  _n00191 (_n0019)
     LUT2:I1->O            1   0.205   0.000  temp_0_rstpot (temp_0_rstpot)
     FD:D                      0.102          temp_0
    ----------------------------------------
    Total                      3.882ns (1.302ns logic, 2.580ns route)
                                       (33.5% logic, 66.5% route)

=========================================================================
Timing constraint: Default OFFSET OUT AFTER for Clock 'clk'
  Total number of paths / destination ports: 2 / 2
-------------------------------------------------------------------------
Offset:              3.634ns (Levels of Logic = 1)
  Source:            blink (FF)
  Destination:       blink (PAD)
  Source Clock:      clk rising

  Data Path: blink to blink
                                Gate     Net
    Cell:in->out      fanout   Delay   Delay  Logical Name (Net Name)
    ----------------------------------------  ------------
     FD:C->Q               2   0.447   0.616  blink (blink_OBUF)
     OBUF:I->O                 2.571          blink_OBUF (blink)
    ----------------------------------------
    Total                      3.634ns (3.018ns logic, 0.616ns route)
                                       (83.0% logic, 17.0% route)

=========================================================================

Cross Clock Domains Report:
--------------------------

Clock to Setup on destination clock clk
---------------+---------+---------+---------+---------+
               | Src:Rise| Src:Fall| Src:Rise| Src:Fall|
Source Clock   |Dest:Rise|Dest:Rise|Dest:Fall|Dest:Fall|
---------------+---------+---------+---------+---------+
clk            |    3.882|         |         |         |
---------------+---------+---------+---------+---------+

=========================================================================


Total REAL time to Xst completion: 5.00 secs
Total CPU time to Xst completion: 4.70 secs
 
--> 


Total memory usage is 392196 kilobytes

Number of errors   :    0 (   0 filtered)
Number of warnings :    0 (   0 filtered)
Number of infos    :    0 (   0 filtered)

